[2026-07-06 09:15:46.136] [Info] [PMS_Server] [PmsServerStarted] [IniRead] Read ini file successful.
[2026-07-06 09:15:46.769] [Info] [PMS_Common] [DBManager] [Open] DataBase connection successful. DB Name: Researcher_PMS_v1
[2026-07-06 09:15:46.773] [Info] [PMS_Server] [PmsServerStarted] [PmsStart] PMS Server has been executed.
[2026-07-06 09:15:46.781] [Info] [PMS_Common] [TcpServerManager] [StartAsync] PMS_Server Running for TCP : 9000
[2026-07-06 09:15:58.263] [Info] [PMS_Common] [TcpServerManager] [HandleClient] PMS_Client Connected
[2026-07-06 09:16:52.399] [Info] [PMS_Server] [PmsServerStarted] [IniRead] Read ini file successful.
[2026-07-06 09:16:52.955] [Info] [PMS_Common] [DBManager] [Open] DataBase connection successful. DB Name: Researcher_PMS_v1
[2026-07-06 09:16:52.959] [Info] [PMS_Server] [PmsServerStarted] [PmsStart] PMS Server has been executed.
[2026-07-06 09:16:52.965] [Info] [PMS_Common] [TcpServerManager] [StartAsync] PMS_Server Running for TCP : 9000
[2026-07-06 09:16:55.221] [Info] [PMS_Common] [TcpServerManager] [HandleClient] PMS_Client Connected
[2026-07-06 15:18:56.777] [Info] [PMS_Server] [PmsServerStarted] [IniRead] Read ini file successful.
[2026-07-06 15:18:57.445] [Info] [PMS_Common] [DBManager] [Open] DataBase connection successful. DB Name: Researcher_PMS_v1
[2026-07-06 15:18:57.451] [Info] [PMS_Server] [PmsServerStarted] [PmsStart] PMS Server has been executed.
[2026-07-06 15:18:57.459] [Info] [PMS_Common] [TcpServerManager] [StartAsync] PMS_Server Running for TCP : 9000
[2026-07-06 15:19:06.278] [Info] [PMS_Common] [TcpServerManager] [HandleClient] PMS_Client Connected
[2026-07-06 15:19:22.732] [Info] [PMS_Common] [TcpServerManager] [HandleClient] PMS_Client Connected
[2026-07-06 15:20:05.303] [Info] [PMS_Common] [TcpServerManager] [HandleClient] PMS_Client Connected
[2026-07-06 15:20:10.489] [Info] [PMS_Common] [TcpServerManager] [HandleClient] PMS_Client Connected
[2026-07-06 15:23:56.363] [Info] [PMS_Common] [TcpServerManager] [HandleClient] PMS_Client Connected
[2026-07-06 15:24:45.512] [Info] [PMS_Common] [TcpServerManager] [HandleClient] PMS_Client Connected
[2026-07-06 16:00:50.443] [Info] [PMS_Server] [PmsServerStarted] [IniRead] Read ini file successful.
[2026-07-06 16:00:51.259] [Info] [PMS_Common] [DBManager] [Open] DataBase connection successful. DB Name: Researcher_PMS_v1
[2026-07-06 16:00:51.283] [Info] [PMS_Common] [TcpServerManager] [StartAsync] PMS_Server Running for TCP : 9000
[2026-07-06 16:00:51.297] [Info] [PMS_Server] [PmsServerStarted] [PmsStart] PMS Server has been executed.
[2026-07-06 16:02:20.100] [Info] [PMS_Server] [PmsServerStarted] [IniRead] Read ini file successful.
[2026-07-06 16:02:23.700] [Info] [PMS_Common] [DBManager] [Open] DataBase connection successful. DB Name: Researcher_PMS_v1
[2026-07-06 16:02:47.641] [Info] [PMS_Common] [TcpServerManager] [StartAsync] PMS_Server Running for TCP : 9000
[2026-07-06 16:03:04.035] [Info] [PMS_Server] [PmsServerStarted] [PmsStart] PMS Server has been executed.
[2026-07-06 16:04:53.354] [Info] [PMS_Server] [PmsServerStarted] [IniRead] Read ini file successful.
[2026-07-06 16:04:56.273] [Info] [PMS_Common] [DBManager] [Open] DataBase connection successful. DB Name: Researcher_PMS_v1
[2026-07-06 16:05:17.896] [Info] [PMS_Server] [PmsServerStarted] [PmsStart] PMS Server has been executed.
[2026-07-06 16:06:42.433] [Info] [PMS_Server] [PmsServerStarted] [IniRead] Read ini file successful.
[2026-07-06 16:06:43.274] [Info] [PMS_Common] [DBManager] [Open] DataBase connection successful. DB Name: Researcher_PMS_v1
[2026-07-06 16:06:46.593] [Info] [PMS_Server] [PmsServerStarted] [PmsStart] PMS Server has been executed.
[2026-07-06 16:07:26.628] [Info] [PMS_Server] [PmsServerStarted] [IniRead] Read ini file successful.
[2026-07-06 16:07:27.197] [Info] [PMS_Common] [DBManager] [Open] DataBase connection successful. DB Name: Researcher_PMS_v1
[2026-07-06 16:07:27.212] [Info] [PMS_Server] [PmsServerStarted] [PmsStart] PMS Server has been executed.
[2026-07-06 16:07:43.278] [Info] [PMS_Server] [PmsServerStarted] [IniRead] Read ini file successful.
[2026-07-06 16:07:43.853] [Info] [PMS_Common] [DBManager] [Open] DataBase connection successful. DB Name: Researcher_PMS_v1
[2026-07-06 16:07:43.862] [Info] [PMS_Common] [TcpServerManager] [StartAsync] PMS_Server Running for TCP : 9000
[2026-07-06 16:07:43.866] [Info] [PMS_Server] [PmsServerStarted] [PmsStart] PMS Server has been executed.
[2026-07-06 17:46:12.125] [Info] [PMS_Server] [PmsServerStarted] [IniRead] Read ini file successful.
[2026-07-06 17:46:13.003] [Info] [PMS_Common] [DBManager] [Open] DataBase connection successful. DB Name: Researcher_PMS_v1
[2026-07-06 17:46:24.756] [Info] [PMS_Common] [TcpServerManager] [StartAsync] PMS_Server Running for TCP : 9000
[2026-07-06 17:46:24.763] [Info] [PMS_Server] [PmsServerStarted] [PmsStart] PMS Server has been executed.
[2026-07-06 17:46:49.199] [Info] [PMS_Server] [PmsServerStarted] [IniRead] Read ini file successful.
[2026-07-06 17:46:50.070] [Info] [PMS_Common] [DBManager] [Open] DataBase connection successful. DB Name: Researcher_PMS_v1
[2026-07-06 17:46:58.947] [Info] [PMS_Common] [TcpServerManager] [StartAsync] PMS_Server Running for TCP : 9000
[2026-07-06 17:46:58.952] [Info] [PMS_Server] [PmsServerStarted] [PmsStart] PMS Server has been executed.
[2026-07-06 17:51:02.593] [Info] [PMS_Server] [PmsServerStarted] [IniRead] Read ini file successful.
[2026-07-06 17:51:03.300] [Info] [PMS_Common] [DBManager] [Open] DataBase connection successful. DB Name: Researcher_PMS_v1
[2026-07-06 17:51:03.314] [Info] [PMS_Common] [TcpServerManager] [StartAsync] PMS_Server Running for TCP : 9000
[2026-07-06 17:51:03.321] [Info] [PMS_Server] [PmsServerStarted] [PmsStart] PMS Server has been executed.
[2026-07-06 17:51:43.053] [Info] [PMS_Server] [PmsServerStarted] [IniRead] Read ini file successful.
[2026-07-06 17:51:43.743] [Info] [PMS_Common] [DBManager] [Open] DataBase connection successful. DB Name: Researcher_PMS_v1
[2026-07-06 17:51:43.759] [Info] [PMS_Common] [TcpServerManager] [StartAsync] PMS_Server Running for TCP : 9000
[2026-07-06 17:51:43.765] [Info] [PMS_Server] [PmsServerStarted] [PmsStart] PMS Server has been executed.
[2026-07-06 17:54:45.026] [Info] [PMS_Server] [PmsServerStarted] [IniRead] Read ini file successful.
[2026-07-06 17:54:45.793] [Info] [PMS_Common] [DBManager] [Open] DataBase connection successful. DB Name: Researcher_PMS_v1
[2026-07-06 17:54:45.807] [Info] [PMS_Common] [TcpServerManager] [StartAsync] PMS_Server Running for TCP : 9000
[2026-07-06 17:54:45.813] [Info] [PMS_Server] [PmsServerStarted] [PmsStart] PMS Server has been executed.
[2026-07-06 17:57:31.407] [Info] [PMS_Server] [PmsServerStarted] [IniRead] Read ini file successful.
[2026-07-06 17:57:32.220] [Info] [PMS_Common] [DBManager] [Open] DataBase connection successful. DB Name: Researcher_PMS_v1
[2026-07-06 17:57:32.246] [Info] [PMS_Common] [TcpServerManager] [StartAsync] PMS_Server Running for TCP : 9000
[2026-07-06 17:57:32.252] [Info] [PMS_Server] [PmsServerStarted] [PmsStart] PMS Server has been executed.
[2026-07-06 18:00:18.219] [Info] [PMS_Server] [PmsServerStarted] [IniRead] Read ini file successful.
[2026-07-06 18:00:19.087] [Info] [PMS_Common] [DBManager] [Open] DataBase connection successful. DB Name: Researcher_PMS_v1
[2026-07-06 18:00:19.100] [Info] [PMS_Common] [TcpServerManager] [StartAsync] PMS_Server Running for TCP : 9000
[2026-07-06 18:00:19.105] [Info] [PMS_Server] [PmsServerStarted] [PmsStart] PMS Server has been executed.
