[2026-07-08 15:22:45.442] [Info] [PMS_Client] [PmsClientStart] [IniRead] Read ini file successful.
[2026-07-08 15:22:45.480] [Info] [PMS_Client] [PmsClientStart] [PmsStart] PMS Client has been executed.
[2026-07-08 15:24:57.049] [Info] [PMS_Client] [PmsClientStart] [IniRead] Read ini file successful.
[2026-07-08 15:24:57.078] [Info] [PMS_Client] [PmsClientStart] [PmsStart] PMS Client has been executed.
[2026-07-08 15:24:59.162] [Error] [PMS_Client] [PmsClientStart] [TCPConnect] System.Net.Sockets.SocketException (10061): 대상 컴퓨터에서 연결을 거부했으므로 연결하지 못했습니다.
   at System.Net.Sockets.Socket.AwaitableSocketAsyncEventArgs.ThrowException(SocketError error, CancellationToken cancellationToken)
   at System.Net.Sockets.Socket.AwaitableSocketAsyncEventArgs.System.Threading.Tasks.Sources.IValueTaskSource.GetResult(Int16 token)
   at System.Threading.Tasks.ValueTask.ValueTaskSourceAsTask.<>c.<.cctor>b__4_0(Object state)
--- End of stack trace from previous location ---
   at System.Net.Sockets.TcpClient.CompleteConnectAsync(Task task)
   at PMS_Common.TCPManager.TcpClientManager.ConnectAsync(String ip, Int32 port) in C:\이요원\연구원 관리 PMS 토이프로젝트\KRRI_PMS_Client\PMS_Common\TCPManager\TcpClientManager.cs:line 30
   at PMS_Client.Operation.PmsClientStarted.TCPConnect(TcpClientManager tcp) in C:\이요원\연구원 관리 PMS 토이프로젝트\KRRI_PMS_Client\PMS_Client\Operation\PmsClientStart.cs:line 84
[2026-07-08 15:25:20.348] [Info] [PMS_Client] [PmsClientStart] [IniRead] Read ini file successful.
[2026-07-08 15:25:20.406] [Info] [PMS_Client] [PmsClientStart] [PmsStart] PMS Client has been executed.
[2026-07-08 15:26:08.839] [Info] [PMS_Client] [PmsClientStart] [IniRead] Read ini file successful.
[2026-07-08 15:26:08.908] [Info] [PMS_Client] [PmsClientStart] [PmsStart] PMS Client has been executed.
[2026-07-08 15:29:35.656] [Info] [PMS_Client] [PmsClientStart] [IniRead] Read ini file successful.
[2026-07-08 15:29:35.712] [Info] [PMS_Client] [PmsClientStart] [PmsStart] PMS Client has been executed.
[2026-07-08 15:45:14.372] [Info] [PMS_Client] [PmsClientStart] [IniRead] Read ini file successful.
[2026-07-08 15:45:14.470] [Info] [PMS_Client] [PmsClientStart] [PmsStart] PMS Client has been executed.
[2026-07-08 17:19:37.908] [Info] [PMS_Client] [PmsClientStart] [IniRead] Read ini file successful.
[2026-07-08 17:19:37.990] [Info] [PMS_Client] [PmsClientStart] [PmsStart] PMS Client has been executed.
[2026-07-08 17:20:15.422] [Info] [PMS_Client] [PmsClientStart] [IniRead] Read ini file successful.
[2026-07-08 17:20:15.503] [Info] [PMS_Client] [PmsClientStart] [PmsStart] PMS Client has been executed.
[2026-07-08 17:23:32.878] [Info] [PMS_Client] [PmsClientStart] [IniRead] Read ini file successful.
[2026-07-08 17:23:33.054] [Info] [PMS_Client] [PmsClientStart] [PmsStart] PMS Client has been executed.
[2026-07-08 17:24:33.197] [Info] [PMS_Client] [PmsClientStart] [IniRead] Read ini file successful.
[2026-07-08 17:24:33.238] [Info] [PMS_Client] [PmsClientStart] [PmsStart] PMS Client has been executed.
